[0.033s] Invoking command in '/home/alex/dev_ws/build/my_package': CMAKE_PREFIX_PATH=${CMAKE_PREFIX_PATH}:/opt/ros/jazzy DEBUGINFOD_URLS=https://debuginfod.ubuntu.com /usr/bin/cmake --build /home/alex/dev_ws/build/my_package -- -j2 -l2
[0.143s] Invoked command in '/home/alex/dev_ws/build/my_package' returned '0': CMAKE_PREFIX_PATH=${CMAKE_PREFIX_PATH}:/opt/ros/jazzy DEBUGINFOD_URLS=https://debuginfod.ubuntu.com /usr/bin/cmake --build /home/alex/dev_ws/build/my_package -- -j2 -l2
[0.215s] Invoking command in '/home/alex/dev_ws/build/my_package': CMAKE_PREFIX_PATH=${CMAKE_PREFIX_PATH}:/opt/ros/jazzy DEBUGINFOD_URLS=https://debuginfod.ubuntu.com /usr/bin/cmake --install /home/alex/dev_ws/build/my_package
[0.229s] -- Install configuration: ""
[0.231s] -- Execute custom install script
[0.232s] -- Up-to-date symlink: /home/alex/dev_ws/install/my_package/share/ament_index/resource_index/package_run_dependencies/my_package
[0.232s] -- Up-to-date symlink: /home/alex/dev_ws/install/my_package/share/ament_index/resource_index/parent_prefix_path/my_package
[0.232s] -- Up-to-date symlink: /home/alex/dev_ws/install/my_package/share/my_package/environment/ament_prefix_path.sh
[0.233s] -- Up-to-date symlink: /home/alex/dev_ws/install/my_package/share/my_package/environment/ament_prefix_path.dsv
[0.235s] -- Up-to-date symlink: /home/alex/dev_ws/install/my_package/share/my_package/environment/path.sh
[0.235s] -- Up-to-date symlink: /home/alex/dev_ws/install/my_package/share/my_package/environment/path.dsv
[0.235s] -- Up-to-date symlink: /home/alex/dev_ws/install/my_package/share/my_package/local_setup.bash
[0.235s] -- Up-to-date symlink: /home/alex/dev_ws/install/my_package/share/my_package/local_setup.sh
[0.235s] -- Up-to-date symlink: /home/alex/dev_ws/install/my_package/share/my_package/local_setup.zsh
[0.235s] -- Up-to-date symlink: /home/alex/dev_ws/install/my_package/share/my_package/local_setup.dsv
[0.235s] -- Symlinking: /home/alex/dev_ws/install/my_package/share/my_package/package.dsv
[0.249s] -- Up-to-date symlink: /home/alex/dev_ws/install/my_package/share/ament_index/resource_index/packages/my_package
[0.250s] -- Up-to-date symlink: /home/alex/dev_ws/install/my_package/share/my_package/cmake/my_packageConfig.cmake
[0.250s] -- Up-to-date symlink: /home/alex/dev_ws/install/my_package/share/my_package/cmake/my_packageConfig-version.cmake
[0.250s] -- Up-to-date symlink: /home/alex/dev_ws/install/my_package/share/my_package/package.xml
[0.252s] Invoked command in '/home/alex/dev_ws/build/my_package' returned '0': CMAKE_PREFIX_PATH=${CMAKE_PREFIX_PATH}:/opt/ros/jazzy DEBUGINFOD_URLS=https://debuginfod.ubuntu.com /usr/bin/cmake --install /home/alex/dev_ws/build/my_package
