[0.025s] Invoking command in '/home/alex/dev_ws/build/my_package': CMAKE_PREFIX_PATH=${CMAKE_PREFIX_PATH}:/opt/ros/jazzy DEBUGINFOD_URLS=https://debuginfod.ubuntu.com /usr/bin/cmake --build /home/alex/dev_ws/build/my_package -- -j2 -l2
[0.079s] -- Found ament_cmake: 2.5.2 (/opt/ros/jazzy/share/ament_cmake/cmake)
[0.430s] -- Override CMake install command with custom implementation using symlinks instead of copying resources
[0.464s] -- Found ament_lint_auto: 0.17.1 (/opt/ros/jazzy/share/ament_lint_auto/cmake)
[0.630s] -- Added test 'flake8' to check Python code syntax and style conventions
[0.630s] -- Configured 'flake8' exclude dirs and/or files: 
[0.633s] -- Added test 'lint_cmake' to check CMake code style
[0.635s] -- Added test 'pep257' to check Python code against some of the docstring style conventions in PEP 257
[0.643s] -- Added test 'xmllint' to check XML markup files
[0.647s] -- Configuring done (0.6s)
[0.662s] -- Generating done (0.0s)
[0.665s] -- Build files have been written to: /home/alex/dev_ws/build/my_package
[0.701s] Invoked command in '/home/alex/dev_ws/build/my_package' returned '0': CMAKE_PREFIX_PATH=${CMAKE_PREFIX_PATH}:/opt/ros/jazzy DEBUGINFOD_URLS=https://debuginfod.ubuntu.com /usr/bin/cmake --build /home/alex/dev_ws/build/my_package -- -j2 -l2
[0.772s] Invoking command in '/home/alex/dev_ws/build/my_package': CMAKE_PREFIX_PATH=${CMAKE_PREFIX_PATH}:/opt/ros/jazzy DEBUGINFOD_URLS=https://debuginfod.ubuntu.com /usr/bin/cmake --install /home/alex/dev_ws/build/my_package
[0.785s] -- Install configuration: ""
[0.786s] -- Execute custom install script
[0.787s] -- Symlinking: /home/alex/dev_ws/install/my_package/share/my_package/launch/listener.launch.py
[0.802s] -- Symlinking: /home/alex/dev_ws/install/my_package/share/my_package/launch/talker.launch.py
[0.820s] -- Up-to-date symlink: /home/alex/dev_ws/install/my_package/share/ament_index/resource_index/package_run_dependencies/my_package
[0.821s] -- Up-to-date symlink: /home/alex/dev_ws/install/my_package/share/ament_index/resource_index/parent_prefix_path/my_package
[0.822s] -- Up-to-date symlink: /home/alex/dev_ws/install/my_package/share/my_package/environment/ament_prefix_path.sh
[0.823s] -- Up-to-date symlink: /home/alex/dev_ws/install/my_package/share/my_package/environment/ament_prefix_path.dsv
[0.823s] -- Up-to-date symlink: /home/alex/dev_ws/install/my_package/share/my_package/environment/path.sh
[0.824s] -- Up-to-date symlink: /home/alex/dev_ws/install/my_package/share/my_package/environment/path.dsv
[0.825s] -- Up-to-date symlink: /home/alex/dev_ws/install/my_package/share/my_package/local_setup.bash
[0.825s] -- Up-to-date symlink: /home/alex/dev_ws/install/my_package/share/my_package/local_setup.sh
[0.827s] -- Up-to-date symlink: /home/alex/dev_ws/install/my_package/share/my_package/local_setup.zsh
[0.827s] -- Up-to-date symlink: /home/alex/dev_ws/install/my_package/share/my_package/local_setup.dsv
[0.827s] -- Symlinking: /home/alex/dev_ws/install/my_package/share/my_package/package.dsv
[0.842s] -- Up-to-date symlink: /home/alex/dev_ws/install/my_package/share/ament_index/resource_index/packages/my_package
[0.842s] -- Up-to-date symlink: /home/alex/dev_ws/install/my_package/share/my_package/cmake/my_packageConfig.cmake
[0.843s] -- Up-to-date symlink: /home/alex/dev_ws/install/my_package/share/my_package/cmake/my_packageConfig-version.cmake
[0.843s] -- Up-to-date symlink: /home/alex/dev_ws/install/my_package/share/my_package/package.xml
[0.846s] Invoked command in '/home/alex/dev_ws/build/my_package' returned '0': CMAKE_PREFIX_PATH=${CMAKE_PREFIX_PATH}:/opt/ros/jazzy DEBUGINFOD_URLS=https://debuginfod.ubuntu.com /usr/bin/cmake --install /home/alex/dev_ws/build/my_package
