[0.029s] Invoking command in '/home/alex/dev_ws/build/my_package': CMAKE_PREFIX_PATH=${CMAKE_PREFIX_PATH}:/opt/ros/jazzy DEBUGINFOD_URLS=https://debuginfod.ubuntu.com /usr/bin/cmake /home/alex/dev_ws/src/my_package -DAMENT_CMAKE_SYMLINK_INSTALL=1 -DCMAKE_INSTALL_PREFIX=/home/alex/dev_ws/install/my_package
[0.363s] -- The C compiler identification is GNU 13.2.0
[0.667s] -- The CXX compiler identification is GNU 13.2.0
[0.723s] -- Detecting C compiler ABI info
[0.918s] -- Detecting C compiler ABI info - done
[0.932s] -- Check for working C compiler: /usr/bin/cc - skipped
[0.934s] -- Detecting C compile features
[0.936s] -- Detecting C compile features - done
[0.956s] -- Detecting CXX compiler ABI info
[1.158s] -- Detecting CXX compiler ABI info - done
[1.171s] -- Check for working CXX compiler: /usr/bin/c++ - skipped
[1.172s] -- Detecting CXX compile features
[1.173s] -- Detecting CXX compile features - done
[1.216s] -- Found ament_cmake: 2.5.2 (/opt/ros/jazzy/share/ament_cmake/cmake)
[1.467s] -- Found Python3: /usr/bin/python3 (found version "3.12.3") found components: Interpreter 
[1.611s] -- Override CMake install command with custom implementation using symlinks instead of copying resources
[1.718s] -- Found ament_lint_auto: 0.17.1 (/opt/ros/jazzy/share/ament_lint_auto/cmake)
[1.918s] -- Added test 'flake8' to check Python code syntax and style conventions
[1.919s] -- Configured 'flake8' exclude dirs and/or files: 
[1.921s] -- Added test 'lint_cmake' to check CMake code style
[1.923s] -- Added test 'pep257' to check Python code against some of the docstring style conventions in PEP 257
[1.927s] -- Added test 'xmllint' to check XML markup files
[1.933s] -- Configuring done (1.9s)
[1.937s] -- Generating done (0.0s)
[1.940s] -- Build files have been written to: /home/alex/dev_ws/build/my_package
[1.947s] Invoked command in '/home/alex/dev_ws/build/my_package' returned '0': CMAKE_PREFIX_PATH=${CMAKE_PREFIX_PATH}:/opt/ros/jazzy DEBUGINFOD_URLS=https://debuginfod.ubuntu.com /usr/bin/cmake /home/alex/dev_ws/src/my_package -DAMENT_CMAKE_SYMLINK_INSTALL=1 -DCMAKE_INSTALL_PREFIX=/home/alex/dev_ws/install/my_package
[1.949s] Invoking command in '/home/alex/dev_ws/build/my_package': CMAKE_PREFIX_PATH=${CMAKE_PREFIX_PATH}:/opt/ros/jazzy DEBUGINFOD_URLS=https://debuginfod.ubuntu.com /usr/bin/cmake --build /home/alex/dev_ws/build/my_package -- -j2 -l2
[2.024s] Invoked command in '/home/alex/dev_ws/build/my_package' returned '0': CMAKE_PREFIX_PATH=${CMAKE_PREFIX_PATH}:/opt/ros/jazzy DEBUGINFOD_URLS=https://debuginfod.ubuntu.com /usr/bin/cmake --build /home/alex/dev_ws/build/my_package -- -j2 -l2
[2.092s] Invoking command in '/home/alex/dev_ws/build/my_package': CMAKE_PREFIX_PATH=${CMAKE_PREFIX_PATH}:/opt/ros/jazzy DEBUGINFOD_URLS=https://debuginfod.ubuntu.com /usr/bin/cmake --install /home/alex/dev_ws/build/my_package
[2.107s] -- Install configuration: ""
[2.108s] -- Execute custom install script
[2.109s] -- Symlinking: /home/alex/dev_ws/install/my_package/share/ament_index/resource_index/package_run_dependencies/my_package
[2.127s] -- Symlinking: /home/alex/dev_ws/install/my_package/share/ament_index/resource_index/parent_prefix_path/my_package
[2.143s] -- Symlinking: /home/alex/dev_ws/install/my_package/share/my_package/environment/ament_prefix_path.sh
[2.158s] -- Symlinking: /home/alex/dev_ws/install/my_package/share/my_package/environment/ament_prefix_path.dsv
[2.175s] -- Symlinking: /home/alex/dev_ws/install/my_package/share/my_package/environment/path.sh
[2.190s] -- Symlinking: /home/alex/dev_ws/install/my_package/share/my_package/environment/path.dsv
[2.206s] -- Symlinking: /home/alex/dev_ws/install/my_package/share/my_package/local_setup.bash
[2.225s] -- Symlinking: /home/alex/dev_ws/install/my_package/share/my_package/local_setup.sh
[2.242s] -- Symlinking: /home/alex/dev_ws/install/my_package/share/my_package/local_setup.zsh
[2.257s] -- Symlinking: /home/alex/dev_ws/install/my_package/share/my_package/local_setup.dsv
[2.272s] -- Symlinking: /home/alex/dev_ws/install/my_package/share/my_package/package.dsv
[2.287s] -- Symlinking: /home/alex/dev_ws/install/my_package/share/ament_index/resource_index/packages/my_package
[2.302s] -- Symlinking: /home/alex/dev_ws/install/my_package/share/my_package/cmake/my_packageConfig.cmake
[2.321s] -- Symlinking: /home/alex/dev_ws/install/my_package/share/my_package/cmake/my_packageConfig-version.cmake
[2.339s] -- Symlinking: /home/alex/dev_ws/install/my_package/share/my_package/package.xml
[2.359s] Invoked command in '/home/alex/dev_ws/build/my_package' returned '0': CMAKE_PREFIX_PATH=${CMAKE_PREFIX_PATH}:/opt/ros/jazzy DEBUGINFOD_URLS=https://debuginfod.ubuntu.com /usr/bin/cmake --install /home/alex/dev_ws/build/my_package
